  [1m[35m (0.8ms)[0m  [1m[34mSELECT sqlite_version(*)[0m
  [1m[35m (0.0ms)[0m  [1m[34mSELECT sqlite_version(*)[0m
  [1m[35m (0.2ms)[0m  [1m[34mSELECT sqlite_version(*)[0m
  [1m[35m (0.4ms)[0m  [1m[35mCREATE TABLE "schema_migrations" ("version" varchar NOT NULL PRIMARY KEY)[0m
  [1m[35m (0.4ms)[0m  [1m[35mCREATE TABLE "ar_internal_metadata" ("key" varchar NOT NULL PRIMARY KEY, "value" varchar, "created_at" datetime(6) NOT NULL, "updated_at" datetime(6) NOT NULL)[0m
  [1m[36mActiveRecord::SchemaMigration Pluck (0.1ms)[0m  [1m[34mSELECT "schema_migrations"."version" FROM "schema_migrations" ORDER BY "schema_migrations"."version" ASC[0m
Migrating to CreateEvents (20220313134908)
  [1m[36mTRANSACTION (0.0ms)[0m  [1m[36mbegin transaction[0m
  [1m[35m (0.1ms)[0m  [1m[35mCREATE TABLE "events" ("id" integer PRIMARY KEY AUTOINCREMENT NOT NULL, "event_type" varchar, "event_date" date, "title" text, "speaker" varchar, "host" varchar, "published" boolean, "created_at" datetime(6) NOT NULL, "updated_at" datetime(6) NOT NULL)[0m
  [1m[36mActiveRecord::SchemaMigration Create (0.1ms)[0m  [1m[32mINSERT INTO "schema_migrations" ("version") VALUES (?)[0m  [["version", "20220313134908"]]
  [1m[36mTRANSACTION (0.3ms)[0m  [1m[36mcommit transaction[0m
  [1m[36mActiveRecord::InternalMetadata Load (0.0ms)[0m  [1m[34mSELECT "ar_internal_metadata".* FROM "ar_internal_metadata" WHERE "ar_internal_metadata"."key" = ? LIMIT ?[0m  [["key", "environment"], ["LIMIT", 1]]
  [1m[36mTRANSACTION (0.0ms)[0m  [1m[36mbegin transaction[0m
  [1m[36mActiveRecord::InternalMetadata Create (0.1ms)[0m  [1m[32mINSERT INTO "ar_internal_metadata" ("key", "value", "created_at", "updated_at") VALUES (?, ?, ?, ?)[0m  [["key", "environment"], ["value", "development"], ["created_at", "2023-10-24 01:01:08.336780"], ["updated_at", "2023-10-24 01:01:08.336780"]]
  [1m[36mTRANSACTION (0.2ms)[0m  [1m[36mcommit transaction[0m
  [1m[35m (0.0ms)[0m  [1m[34mSELECT sqlite_version(*)[0m
  [1m[36mActiveRecord::SchemaMigration Pluck (0.0ms)[0m  [1m[34mSELECT "schema_migrations"."version" FROM "schema_migrations" ORDER BY "schema_migrations"."version" ASC[0m
  [1m[35m (0.2ms)[0m  [1m[34mSELECT sqlite_version(*)[0m
  [1m[36mActiveRecord::SchemaMigration Pluck (0.0ms)[0m  [1m[34mSELECT "schema_migrations"."version" FROM "schema_migrations" ORDER BY "schema_migrations"."version" ASC[0m
  [1m[35m (0.0ms)[0m  [1m[34mSELECT sqlite_version(*)[0m
  [1m[36mTRANSACTION (0.0ms)[0m  [1m[36mbegin transaction[0m
  [1m[36mEvent Create (0.2ms)[0m  [1m[32mINSERT INTO "events" ("event_type", "event_date", "title", "speaker", "host", "published", "created_at", "updated_at") VALUES (?, ?, ?, ?, ?, ?, ?, ?)[0m  [["event_type", "Symposium"], ["event_date", "2022-07-14"], ["title", "Ada Lovelace — The Making of a Computer Scientist"], ["speaker", "Monica S. Lam, Yoky Matsuoka, Dorit Aharonov"], ["host", "Ursula Martin"], ["published", 0], ["created_at", "2023-10-24 01:01:14.163692"], ["updated_at", "2023-10-24 01:01:14.163692"]]
  [1m[36mTRANSACTION (0.2ms)[0m  [1m[36mcommit transaction[0m
  [1m[36mTRANSACTION (0.0ms)[0m  [1m[36mbegin transaction[0m
  [1m[36mEvent Create (0.1ms)[0m  [1m[32mINSERT INTO "events" ("event_type", "event_date", "title", "speaker", "host", "published", "created_at", "updated_at") VALUES (?, ?, ?, ?, ?, ?, ?, ?)[0m  [["event_type", "Colloquium"], ["event_date", "2022-04-12"], ["title", "Scholasticism in Medieval and Early Modern History"], ["speaker", "Robin Fleming"], ["host", "Henry Louis Gates Jr."], ["published", 1], ["created_at", "2023-10-24 01:01:14.165766"], ["updated_at", "2023-10-24 01:01:14.165766"]]
  [1m[36mTRANSACTION (0.2ms)[0m  [1m[36mcommit transaction[0m
  [1m[36mTRANSACTION (0.0ms)[0m  [1m[36mbegin transaction[0m
  [1m[36mEvent Create (0.1ms)[0m  [1m[32mINSERT INTO "events" ("event_type", "event_date", "title", "speaker", "host", "published", "created_at", "updated_at") VALUES (?, ?, ?, ?, ?, ?, ?, ?)[0m  [["event_type", "Symposium"], ["event_date", "2022-03-30"], ["title", "Charles II and the English Restoration"], ["speaker", "Kate Williams, Patrick Morrah, Charles Spencer"], ["host", "Lucy Worsley"], ["published", 1], ["created_at", "2023-10-24 01:01:14.166809"], ["updated_at", "2023-10-24 01:01:14.166809"]]
  [1m[36mTRANSACTION (0.2ms)[0m  [1m[36mcommit transaction[0m
  [1m[36mTRANSACTION (0.0ms)[0m  [1m[36mbegin transaction[0m
  [1m[36mEvent Create (0.1ms)[0m  [1m[32mINSERT INTO "events" ("event_type", "event_date", "title", "speaker", "host", "published", "created_at", "updated_at") VALUES (?, ?, ?, ?, ?, ?, ?, ?)[0m  [["event_type", "Symposium"], ["event_date", "2022-03-01"], ["title", "Remembering the Titanic, One of the Greatest Ever Maritime Tragedies"], ["speaker", "William Hazelgrove, Lauren Tarshis, Andrew Wilson"], ["host", "Dan Snow"], ["published", 1], ["created_at", "2023-10-24 01:01:14.167855"], ["updated_at", "2023-10-24 01:01:14.167855"]]
  [1m[36mTRANSACTION (0.2ms)[0m  [1m[36mcommit transaction[0m
  [1m[36mTRANSACTION (0.0ms)[0m  [1m[36mbegin transaction[0m
  [1m[36mEvent Create (0.1ms)[0m  [1m[32mINSERT INTO "events" ("event_type", "event_date", "title", "speaker", "host", "published", "created_at", "updated_at") VALUES (?, ?, ?, ?, ?, ?, ?, ?)[0m  [["event_type", "Symposium"], ["event_date", "2022-02-07"], ["title", "Symbolism in Portraits of Queen Elizabeth I"], ["speaker", "David Starkey, Susan Doran, Alison Weir"], ["host", "Suzannah Lipscomb"], ["published", 1], ["created_at", "2023-10-24 01:01:14.168843"], ["updated_at", "2023-10-24 01:01:14.168843"]]
  [1m[36mTRANSACTION (0.2ms)[0m  [1m[36mcommit transaction[0m
  [1m[36mTRANSACTION (0.0ms)[0m  [1m[36mbegin transaction[0m
  [1m[36mEvent Create (0.1ms)[0m  [1m[32mINSERT INTO "events" ("event_type", "event_date", "title", "speaker", "host", "published", "created_at", "updated_at") VALUES (?, ?, ?, ?, ?, ?, ?, ?)[0m  [["event_type", "Colloquium"], ["event_date", "2021-12-19"], ["title", "A Brief History Of China's Dynasties"], ["speaker", "Iris Chang"], ["host", "Pamela Kyle Crossley"], ["published", 1], ["created_at", "2023-10-24 01:01:14.169914"], ["updated_at", "2023-10-24 01:01:14.169914"]]
  [1m[36mTRANSACTION (0.2ms)[0m  [1m[36mcommit transaction[0m
Started GET "/" for ::1 at 2023-10-23 21:02:20 -0400
  [1m[35m (0.3ms)[0m  [1m[34mSELECT sqlite_version(*)[0m
  [1m[36mActiveRecord::SchemaMigration Pluck (0.1ms)[0m  [1m[34mSELECT "schema_migrations"."version" FROM "schema_migrations" ORDER BY "schema_migrations"."version" ASC[0m
Started GET "/events" for ::1 at 2023-10-23 21:02:20 -0400
Processing by SiteController#index as HTML
  Rendering layout layouts/application.html.erb
  Rendering site/index.html.erb within layouts/application
  Rendered site/index.html.erb within layouts/application (Duration: 0.8ms | Allocations: 560)
  Rendered layout layouts/application.html.erb (Duration: 257.9ms | Allocations: 102342)
Completed 200 OK in 267ms (Views: 260.6ms | ActiveRecord: 0.0ms | Allocations: 109484)


Started GET "/" for ::1 at 2023-10-23 21:02:25 -0400
Started GET "/events" for ::1 at 2023-10-23 21:02:25 -0400
Processing by SiteController#index as HTML
  Rendering layout layouts/application.html.erb
  Rendering site/index.html.erb within layouts/application
  Rendered site/index.html.erb within layouts/application (Duration: 0.0ms | Allocations: 18)
  Rendered layout layouts/application.html.erb (Duration: 2.0ms | Allocations: 1636)
Completed 200 OK in 3ms (Views: 2.4ms | ActiveRecord: 0.0ms | Allocations: 1928)


Started GET "/events" for ::1 at 2023-10-23 21:02:35 -0400
Processing by SiteController#index as HTML
  Rendering layout layouts/application.html.erb
  Rendering site/index.html.erb within layouts/application
  Rendered site/index.html.erb within layouts/application (Duration: 0.1ms | Allocations: 18)
  Rendered layout layouts/application.html.erb (Duration: 198.4ms | Allocations: 31656)
Completed 200 OK in 199ms (Views: 198.8ms | ActiveRecord: 0.0ms | Allocations: 31907)


Started GET "/events/" for ::1 at 2023-10-23 21:02:54 -0400
Processing by SiteController#index as HTML
  Rendering layout layouts/application.html.erb
  Rendering site/index.html.erb within layouts/application
  Rendered site/index.html.erb within layouts/application (Duration: 0.0ms | Allocations: 18)
  Rendered layout layouts/application.html.erb (Duration: 169.1ms | Allocations: 31678)
Completed 200 OK in 170ms (Views: 169.6ms | ActiveRecord: 0.0ms | Allocations: 31929)


Started GET "/events/" for ::1 at 2023-10-23 21:03:28 -0400
Processing by SiteController#index as HTML
  Rendering layout layouts/application.html.erb
  Rendering site/index.html.erb within layouts/application
  Rendered site/index.html.erb within layouts/application (Duration: 0.1ms | Allocations: 18)
  Rendered layout layouts/application.html.erb (Duration: 16.9ms | Allocations: 3006)
Completed 200 OK in 19ms (Views: 18.7ms | ActiveRecord: 0.0ms | Allocations: 3253)


Started GET "/events/" for ::1 at 2023-10-23 21:03:37 -0400
Processing by SiteController#index as HTML
  Rendering layout layouts/application.html.erb
  Rendering site/index.html.erb within layouts/application
  Rendered site/index.html.erb within layouts/application (Duration: 0.2ms | Allocations: 18)
  Rendered layout layouts/application.html.erb (Duration: 173.0ms | Allocations: 31704)
Completed 200 OK in 174ms (Views: 173.5ms | ActiveRecord: 0.0ms | Allocations: 31955)


Started GET "/events/" for ::1 at 2023-10-23 21:06:27 -0400
  
ActionController::RoutingError (No route matches [GET] "/events"):
  
Started GET "/events/" for ::1 at 2023-10-23 21:06:35 -0400
  [1m[35m (0.2ms)[0m  [1m[34mSELECT sqlite_version(*)[0m
  [1m[36mActiveRecord::SchemaMigration Pluck (0.0ms)[0m  [1m[34mSELECT "schema_migrations"."version" FROM "schema_migrations" ORDER BY "schema_migrations"."version" ASC[0m
  
ActionController::RoutingError (No route matches [GET] "/events"):
  
Started GET "/" for ::1 at 2023-10-23 21:06:38 -0400
Started GET "/homepage" for ::1 at 2023-10-23 21:06:38 -0400
Processing by SiteController#index as HTML
  Rendering layout layouts/application.html.erb
  Rendering site/index.html.erb within layouts/application
  Rendered site/index.html.erb within layouts/application (Duration: 0.2ms | Allocations: 191)
  Rendered layout layouts/application.html.erb (Duration: 44.7ms | Allocations: 23103)
Completed 200 OK in 48ms (Views: 45.6ms | ActiveRecord: 0.0ms | Allocations: 27063)


Started GET "/homepage" for ::1 at 2023-10-23 21:07:08 -0400
  
ActionController::RoutingError (No route matches [GET] "/homepage"):
  
Started GET "/home" for ::1 at 2023-10-23 21:07:17 -0400
  [1m[35m (0.4ms)[0m  [1m[34mSELECT sqlite_version(*)[0m
  [1m[36mActiveRecord::SchemaMigration Pluck (0.0ms)[0m  [1m[34mSELECT "schema_migrations"."version" FROM "schema_migrations" ORDER BY "schema_migrations"."version" ASC[0m
Processing by SiteController#index as HTML
  Rendering layout layouts/application.html.erb
  Rendering site/index.html.erb within layouts/application
  Rendered site/index.html.erb within layouts/application (Duration: 0.4ms | Allocations: 456)
  Rendered layout layouts/application.html.erb (Duration: 176.6ms | Allocations: 53458)
Completed 200 OK in 181ms (Views: 178.0ms | ActiveRecord: 0.0ms | Allocations: 59392)


Started GET "/home" for ::1 at 2023-10-23 21:07:24 -0400
Processing by SiteController#index as HTML
  Rendering layout layouts/application.html.erb
  Rendering site/index.html.erb within layouts/application
  Rendered site/index.html.erb within layouts/application (Duration: 0.1ms | Allocations: 20)
  Rendered layout layouts/application.html.erb (Duration: 5.1ms | Allocations: 1680)
Completed 200 OK in 6ms (Views: 5.7ms | ActiveRecord: 0.0ms | Allocations: 1993)


Started GET "/home" for ::1 at 2023-10-23 21:08:10 -0400
Processing by SiteController#index as HTML
  Rendering layout layouts/application.html.erb
  Rendering site/index.html.erb within layouts/application
  Rendered site/index.html.erb within layouts/application (Duration: 0.1ms | Allocations: 18)
  Rendered layout layouts/application.html.erb (Duration: 4.4ms | Allocations: 1596)
Completed 200 OK in 5ms (Views: 5.0ms | ActiveRecord: 0.0ms | Allocations: 1847)


Started GET "/home" for ::1 at 2023-10-23 21:08:26 -0400
  [1m[35m (0.3ms)[0m  [1m[34mSELECT sqlite_version(*)[0m
  [1m[36mActiveRecord::SchemaMigration Pluck (0.0ms)[0m  [1m[34mSELECT "schema_migrations"."version" FROM "schema_migrations" ORDER BY "schema_migrations"."version" ASC[0m
Processing by SiteController#index as HTML
  Rendering layout layouts/application.html.erb
  Rendering site/index.html.erb within layouts/application
  Rendered site/index.html.erb within layouts/application (Duration: 0.3ms | Allocations: 456)
  Rendered layout layouts/application.html.erb (Duration: 26.5ms | Allocations: 21402)
Completed 200 OK in 30ms (Views: 27.7ms | ActiveRecord: 0.0ms | Allocations: 27337)


Started GET "/home" for ::1 at 2023-10-23 21:09:09 -0400
  [1m[35m (0.2ms)[0m  [1m[34mSELECT sqlite_version(*)[0m
  [1m[36mActiveRecord::SchemaMigration Pluck (0.0ms)[0m  [1m[34mSELECT "schema_migrations"."version" FROM "schema_migrations" ORDER BY "schema_migrations"."version" ASC[0m
Processing by SiteController#index as HTML
  Rendering layout layouts/application.html.erb
  Rendering site/index.html.erb within layouts/application
  Rendered site/index.html.erb within layouts/application (Duration: 0.4ms | Allocations: 456)
  Rendered layout layouts/application.html.erb (Duration: 26.6ms | Allocations: 21234)
Completed 200 OK in 31ms (Views: 28.2ms | ActiveRecord: 0.0ms | Allocations: 27169)


Started GET "/home" for ::1 at 2023-10-23 21:09:16 -0400
Processing by SiteController#index as HTML
  Rendering layout layouts/application.html.erb
  Rendering site/index.html.erb within layouts/application
  Rendered site/index.html.erb within layouts/application (Duration: 0.1ms | Allocations: 20)
  Rendered layout layouts/application.html.erb (Duration: 5.2ms | Allocations: 1762)
Completed 200 OK in 7ms (Views: 6.2ms | ActiveRecord: 0.0ms | Allocations: 2075)


Started GET "/home" for ::1 at 2023-10-23 21:09:17 -0400
Processing by SiteController#index as HTML
  Rendering layout layouts/application.html.erb
  Rendering site/index.html.erb within layouts/application
  Rendered site/index.html.erb within layouts/application (Duration: 0.1ms | Allocations: 18)
  Rendered layout layouts/application.html.erb (Duration: 5.5ms | Allocations: 1599)
Completed 200 OK in 7ms (Views: 6.2ms | ActiveRecord: 0.0ms | Allocations: 1850)


Started GET "/home" for ::1 at 2023-10-23 21:09:21 -0400
Processing by SiteController#index as HTML
  Rendering layout layouts/application.html.erb
  Rendering site/index.html.erb within layouts/application
  Rendered site/index.html.erb within layouts/application (Duration: 0.1ms | Allocations: 18)
  Rendered layout layouts/application.html.erb (Duration: 4.5ms | Allocations: 1605)
Completed 200 OK in 6ms (Views: 5.5ms | ActiveRecord: 0.0ms | Allocations: 1856)


Started GET "/" for ::1 at 2023-10-23 21:34:15 -0400
  [1m[35m (0.3ms)[0m  [1m[34mSELECT sqlite_version(*)[0m
  [1m[36mActiveRecord::SchemaMigration Pluck (0.0ms)[0m  [1m[34mSELECT "schema_migrations"."version" FROM "schema_migrations" ORDER BY "schema_migrations"."version" ASC[0m
Started GET "/homepage" for ::1 at 2023-10-23 21:34:15 -0400
  
ActionController::RoutingError (No route matches [GET] "/homepage"):
  
Started GET "/" for ::1 at 2023-10-23 21:34:15 -0400
Started GET "/homepage" for ::1 at 2023-10-23 21:34:15 -0400
  
ActionController::RoutingError (No route matches [GET] "/homepage"):
  
Started GET "/home" for ::1 at 2023-10-23 21:34:21 -0400
Processing by SiteController#index as HTML
  Rendering layout layouts/application.html.erb
  Rendering site/index.html.erb within layouts/application
  Rendered site/index.html.erb within layouts/application (Duration: 0.3ms | Allocations: 191)
  Rendered layout layouts/application.html.erb (Duration: 196.8ms | Allocations: 56741)
Completed 200 OK in 202ms (Views: 198.3ms | ActiveRecord: 0.0ms | Allocations: 60718)


Started GET "/home/" for 127.0.0.1 at 2023-10-24 10:57:13 -0400
  [1m[35m (1.3ms)[0m  [1m[34mSELECT sqlite_version(*)[0m
  [1m[36mActiveRecord::SchemaMigration Pluck (0.1ms)[0m  [1m[34mSELECT "schema_migrations"."version" FROM "schema_migrations" ORDER BY "schema_migrations"."version" ASC[0m
Processing by SiteController#index as HTML
  Rendering layout layouts/application.html.erb
  Rendering site/index.html.erb within layouts/application
  Rendered site/index.html.erb within layouts/application (Duration: 6.8ms | Allocations: 561)
  Rendered layout layouts/application.html.erb (Duration: 379.4ms | Allocations: 95437)
Completed 200 OK in 414ms (Views: 398.1ms | ActiveRecord: 0.0ms | Allocations: 102589)


Started GET "/home" for 127.0.0.1 at 2023-10-24 10:57:18 -0400
Processing by SiteController#index as HTML
  Rendering layout layouts/application.html.erb
  Rendering site/index.html.erb within layouts/application
  Rendered site/index.html.erb within layouts/application (Duration: 0.2ms | Allocations: 20)
  Rendered layout layouts/application.html.erb (Duration: 6.7ms | Allocations: 1709)
Completed 200 OK in 10ms (Views: 8.0ms | ActiveRecord: 0.0ms | Allocations: 2026)


Started GET "/" for 127.0.0.1 at 2023-10-24 10:57:23 -0400
Started GET "/home" for 127.0.0.1 at 2023-10-24 10:57:23 -0400
Processing by SiteController#index as HTML
  Rendering layout layouts/application.html.erb
  Rendering site/index.html.erb within layouts/application
  Rendered site/index.html.erb within layouts/application (Duration: 0.1ms | Allocations: 18)
  Rendered layout layouts/application.html.erb (Duration: 3.5ms | Allocations: 1594)
Completed 200 OK in 5ms (Views: 4.1ms | ActiveRecord: 0.0ms | Allocations: 1841)


Started GET "/home" for 127.0.0.1 at 2023-10-24 10:57:34 -0400
Processing by SiteController#index as HTML
  Rendering layout layouts/application.html.erb
  Rendering site/index.html.erb within layouts/application
  Rendered site/index.html.erb within layouts/application (Duration: 0.1ms | Allocations: 18)
  Rendered layout layouts/application.html.erb (Duration: 256.9ms | Allocations: 31792)
Completed 200 OK in 258ms (Views: 257.6ms | ActiveRecord: 0.0ms | Allocations: 32043)


Started GET "/home" for 127.0.0.1 at 2023-10-24 10:57:55 -0400
Processing by SiteController#index as HTML
  Rendering layout layouts/application.html.erb
  Rendering site/index.html.erb within layouts/application
  Rendered site/index.html.erb within layouts/application (Duration: 0.4ms | Allocations: 18)
  Rendered layout layouts/application.html.erb (Duration: 321.1ms | Allocations: 31687)
Completed 200 OK in 324ms (Views: 322.7ms | ActiveRecord: 0.0ms | Allocations: 31938)


Started GET "/home" for 127.0.0.1 at 2023-10-24 10:58:52 -0400
Processing by SiteController#index as HTML
  Rendering layout layouts/application.html.erb
  Rendering site/index.html.erb within layouts/application
  Rendered site/index.html.erb within layouts/application (Duration: 0.1ms | Allocations: 18)
  Rendered layout layouts/application.html.erb (Duration: 299.4ms | Allocations: 31786)
Completed 200 OK in 300ms (Views: 299.8ms | ActiveRecord: 0.0ms | Allocations: 32033)


Started GET "/home" for 127.0.0.1 at 2023-10-24 10:59:10 -0400
Processing by SiteController#index as HTML
  Rendering layout layouts/application.html.erb
  Rendering site/index.html.erb within layouts/application
  Rendered site/index.html.erb within layouts/application (Duration: 0.1ms | Allocations: 18)
  Rendered layout layouts/application.html.erb (Duration: 264.3ms | Allocations: 31711)
Completed 200 OK in 266ms (Views: 265.1ms | ActiveRecord: 0.0ms | Allocations: 31962)


Started GET "/home" for 127.0.0.1 at 2023-10-24 10:59:22 -0400
Processing by SiteController#index as HTML
  Rendering layout layouts/application.html.erb
  Rendering site/index.html.erb within layouts/application
  Rendered site/index.html.erb within layouts/application (Duration: 0.2ms | Allocations: 18)
  Rendered layout layouts/application.html.erb (Duration: 14.8ms | Allocations: 1695)
Completed 200 OK in 17ms (Views: 16.0ms | ActiveRecord: 0.0ms | Allocations: 1942)


Started GET "/" for 127.0.0.1 at 2023-10-24 10:59:30 -0400
Started GET "/home" for 127.0.0.1 at 2023-10-24 10:59:30 -0400
Processing by SiteController#index as HTML
  Rendering layout layouts/application.html.erb
  Rendering site/index.html.erb within layouts/application
  Rendered site/index.html.erb within layouts/application (Duration: 0.1ms | Allocations: 18)
  Rendered layout layouts/application.html.erb (Duration: 4.1ms | Allocations: 1591)
Completed 200 OK in 6ms (Views: 5.1ms | ActiveRecord: 0.0ms | Allocations: 1838)


Started GET "/home" for 127.0.0.1 at 2023-10-24 11:01:22 -0400
Processing by SiteController#index as HTML
  Rendering layout layouts/application.html.erb
  Rendering site/index.html.erb within layouts/application
  Rendered site/index.html.erb within layouts/application (Duration: 0.1ms | Allocations: 18)
  Rendered layout layouts/application.html.erb (Duration: 257.1ms | Allocations: 31701)
Completed 200 OK in 259ms (Views: 257.9ms | ActiveRecord: 0.0ms | Allocations: 31948)


Started GET "/home" for 127.0.0.1 at 2023-10-24 11:02:31 -0400
Processing by SiteController#index as HTML
  Rendering layout layouts/application.html.erb
  Rendering site/index.html.erb within layouts/application
  Rendered site/index.html.erb within layouts/application (Duration: 0.5ms | Allocations: 18)
  Rendered layout layouts/application.html.erb (Duration: 14.5ms | Allocations: 1680)
Completed 200 OK in 18ms (Views: 16.2ms | ActiveRecord: 0.0ms | Allocations: 1927)


Started GET "/home" for 127.0.0.1 at 2023-10-24 11:02:38 -0400
Processing by SiteController#index as HTML
  Rendering layout layouts/application.html.erb
  Rendering site/index.html.erb within layouts/application
  Rendered site/index.html.erb within layouts/application (Duration: 0.2ms | Allocations: 18)
  Rendered layout layouts/application.html.erb (Duration: 12.1ms | Allocations: 1677)
Completed 200 OK in 14ms (Views: 13.4ms | ActiveRecord: 0.0ms | Allocations: 1924)


Started GET "/home" for 127.0.0.1 at 2023-10-24 11:04:40 -0400
Processing by SiteController#index as HTML
  Rendering layout layouts/application.html.erb
  Rendering site/index.html.erb within layouts/application
  Rendered site/index.html.erb within layouts/application (Duration: 0.4ms | Allocations: 18)
  Rendered layout layouts/application.html.erb (Duration: 283.8ms | Allocations: 31698)
Completed 200 OK in 286ms (Views: 284.9ms | Allocations: 31942)


Started GET "/home" for 127.0.0.1 at 2023-10-24 11:05:41 -0400
Processing by SiteController#index as HTML
  Rendering layout layouts/application.html.erb
  Rendering site/index.html.erb within layouts/application
  Rendered site/index.html.erb within layouts/application (Duration: 0.2ms | Allocations: 18)
  Rendered layout layouts/application.html.erb (Duration: 278.6ms | Allocations: 31760)
Completed 200 OK in 285ms (Views: 284.0ms | Allocations: 32004)


Started GET "/home" for 127.0.0.1 at 2023-10-24 11:08:27 -0400
Processing by SiteController#index as HTML
Completed 406 Not Acceptable in 11ms (Allocations: 756)


  
ActionController::MissingExactTemplate (SiteController#index is missing a template for request formats: text/html):
  
actionpack (7.0.2.3) lib/action_controller/metal/implicit_render.rb:45:in `default_render'
actionpack (7.0.2.3) lib/action_controller/metal/basic_implicit_render.rb:6:in `block in send_action'
<internal:kernel>:90:in `tap'
actionpack (7.0.2.3) lib/action_controller/metal/basic_implicit_render.rb:6:in `send_action'
actionpack (7.0.2.3) lib/abstract_controller/base.rb:214:in `process_action'
actionpack (7.0.2.3) lib/action_controller/metal/rendering.rb:53:in `process_action'
actionpack (7.0.2.3) lib/abstract_controller/callbacks.rb:234:in `block in process_action'
activesupport (7.0.2.3) lib/active_support/callbacks.rb:118:in `block in run_callbacks'
actiontext (7.0.2.3) lib/action_text/rendering.rb:20:in `with_renderer'
actiontext (7.0.2.3) lib/action_text/engine.rb:69:in `block (4 levels) in <class:Engine>'
activesupport (7.0.2.3) lib/active_support/callbacks.rb:127:in `instance_exec'
activesupport (7.0.2.3) lib/active_support/callbacks.rb:127:in `block in run_callbacks'
activesupport (7.0.2.3) lib/active_support/callbacks.rb:138:in `run_callbacks'
actionpack (7.0.2.3) lib/abstract_controller/callbacks.rb:233:in `process_action'
actionpack (7.0.2.3) lib/action_controller/metal/rescue.rb:22:in `process_action'
actionpack (7.0.2.3) lib/action_controller/metal/instrumentation.rb:67:in `block in process_action'
activesupport (7.0.2.3) lib/active_support/notifications.rb:206:in `block in instrument'
activesupport (7.0.2.3) lib/active_support/notifications/instrumenter.rb:24:in `instrument'
activesupport (7.0.2.3) lib/active_support/notifications.rb:206:in `instrument'
actionpack (7.0.2.3) lib/action_controller/metal/instrumentation.rb:66:in `process_action'
actionpack (7.0.2.3) lib/action_controller/metal/params_wrapper.rb:259:in `process_action'
activerecord (7.0.2.3) lib/active_record/railties/controller_runtime.rb:27:in `process_action'
actionpack (7.0.2.3) lib/abstract_controller/base.rb:151:in `process'
actionview (7.0.2.3) lib/action_view/rendering.rb:39:in `process'
actionpack (7.0.2.3) lib/action_controller/metal.rb:188:in `dispatch'
actionpack (7.0.2.3) lib/action_controller/metal.rb:251:in `dispatch'
actionpack (7.0.2.3) lib/action_dispatch/routing/route_set.rb:49:in `dispatch'
actionpack (7.0.2.3) lib/action_dispatch/routing/route_set.rb:32:in `serve'
actionpack (7.0.2.3) lib/action_dispatch/journey/router.rb:50:in `block in serve'
actionpack (7.0.2.3) lib/action_dispatch/journey/router.rb:32:in `each'
actionpack (7.0.2.3) lib/action_dispatch/journey/router.rb:32:in `serve'
actionpack (7.0.2.3) lib/action_dispatch/routing/route_set.rb:850:in `call'
rack (2.2.3) lib/rack/tempfile_reaper.rb:15:in `call'
rack (2.2.3) lib/rack/etag.rb:27:in `call'
rack (2.2.3) lib/rack/conditional_get.rb:27:in `call'
rack (2.2.3) lib/rack/head.rb:12:in `call'
actionpack (7.0.2.3) lib/action_dispatch/http/permissions_policy.rb:22:in `call'
actionpack (7.0.2.3) lib/action_dispatch/http/content_security_policy.rb:18:in `call'
rack (2.2.3) lib/rack/session/abstract/id.rb:266:in `context'
rack (2.2.3) lib/rack/session/abstract/id.rb:260:in `call'
actionpack (7.0.2.3) lib/action_dispatch/middleware/cookies.rb:693:in `call'
activerecord (7.0.2.3) lib/active_record/migration.rb:603:in `call'
actionpack (7.0.2.3) lib/action_dispatch/middleware/callbacks.rb:27:in `block in call'
activesupport (7.0.2.3) lib/active_support/callbacks.rb:99:in `run_callbacks'
actionpack (7.0.2.3) lib/action_dispatch/middleware/callbacks.rb:26:in `call'
actionpack (7.0.2.3) lib/action_dispatch/middleware/executor.rb:14:in `call'
actionpack (7.0.2.3) lib/action_dispatch/middleware/actionable_exceptions.rb:17:in `call'
actionpack (7.0.2.3) lib/action_dispatch/middleware/debug_exceptions.rb:28:in `call'
web-console (4.2.0) lib/web_console/middleware.rb:132:in `call_app'
web-console (4.2.0) lib/web_console/middleware.rb:28:in `block in call'
web-console (4.2.0) lib/web_console/middleware.rb:17:in `catch'
web-console (4.2.0) lib/web_console/middleware.rb:17:in `call'
actionpack (7.0.2.3) lib/action_dispatch/middleware/show_exceptions.rb:26:in `call'
railties (7.0.2.3) lib/rails/rack/logger.rb:36:in `call_app'
railties (7.0.2.3) lib/rails/rack/logger.rb:25:in `block in call'
activesupport (7.0.2.3) lib/active_support/tagged_logging.rb:99:in `block in tagged'
activesupport (7.0.2.3) lib/active_support/tagged_logging.rb:37:in `tagged'
activesupport (7.0.2.3) lib/active_support/tagged_logging.rb:99:in `tagged'
railties (7.0.2.3) lib/rails/rack/logger.rb:25:in `call'
sprockets-rails (3.4.2) lib/sprockets/rails/quiet_assets.rb:13:in `call'
actionpack (7.0.2.3) lib/action_dispatch/middleware/remote_ip.rb:93:in `call'
actionpack (7.0.2.3) lib/action_dispatch/middleware/request_id.rb:26:in `call'
rack (2.2.3) lib/rack/method_override.rb:24:in `call'
rack (2.2.3) lib/rack/runtime.rb:22:in `call'
activesupport (7.0.2.3) lib/active_support/cache/strategy/local_cache_middleware.rb:29:in `call'
actionpack (7.0.2.3) lib/action_dispatch/middleware/server_timing.rb:20:in `call'
actionpack (7.0.2.3) lib/action_dispatch/middleware/executor.rb:14:in `call'
actionpack (7.0.2.3) lib/action_dispatch/middleware/static.rb:23:in `call'
rack (2.2.3) lib/rack/sendfile.rb:110:in `call'
actionpack (7.0.2.3) lib/action_dispatch/middleware/host_authorization.rb:137:in `call'
railties (7.0.2.3) lib/rails/engine.rb:530:in `call'
puma (5.6.2) lib/puma/configuration.rb:252:in `call'
puma (5.6.2) lib/puma/request.rb:77:in `block in handle_request'
puma (5.6.2) lib/puma/thread_pool.rb:340:in `with_force_shutdown'
puma (5.6.2) lib/puma/request.rb:76:in `handle_request'
puma (5.6.2) lib/puma/server.rb:441:in `process_client'
puma (5.6.2) lib/puma/thread_pool.rb:147:in `block in spawn_thread'
Started GET "/home" for 127.0.0.1 at 2023-10-24 11:08:37 -0400
Processing by SiteController#index as HTML
  Rendering layout layouts/application.html.erb
  Rendering site/index.html.erb within layouts/application
  Rendered site/index.html.erb within layouts/application (Duration: 0.7ms | Allocations: 193)
  Rendered layout layouts/application.html.erb (Duration: 335.1ms | Allocations: 32570)
Completed 200 OK in 342ms (Views: 339.8ms | Allocations: 33702)


Started GET "/home" for 127.0.0.1 at 2023-10-24 11:14:54 -0400
Processing by SiteController#index as HTML
  Rendering layout layouts/application.html.erb
  Rendering site/index.html.erb within layouts/application
  Rendered site/index.html.erb within layouts/application (Duration: 0.6ms | Allocations: 18)
  Rendered layout layouts/application.html.erb (Duration: 50.4ms | Allocations: 1685)
Completed 200 OK in 58ms (Views: 55.3ms | Allocations: 1948)


Started GET "/home" for 127.0.0.1 at 2023-10-24 11:15:01 -0400
Processing by SiteController#index as HTML
  Rendering layout layouts/application.html.erb
  Rendering site/index.html.erb within layouts/application
  Rendered site/index.html.erb within layouts/application (Duration: 0.1ms | Allocations: 18)
  Rendered layout layouts/application.html.erb (Duration: 19.0ms | Allocations: 1689)
Completed 200 OK in 21ms (Views: 20.1ms | Allocations: 1933)


Started GET "/" for 127.0.0.1 at 2023-10-24 11:15:07 -0400
Started GET "/home" for 127.0.0.1 at 2023-10-24 11:15:07 -0400
Processing by SiteController#index as HTML
  Rendering layout layouts/application.html.erb
  Rendering site/index.html.erb within layouts/application
  Rendered site/index.html.erb within layouts/application (Duration: 0.1ms | Allocations: 18)
  Rendered layout layouts/application.html.erb (Duration: 2.4ms | Allocations: 1606)
Completed 200 OK in 5ms (Views: 4.4ms | Allocations: 1850)


Started GET "/home" for 127.0.0.1 at 2023-10-24 11:15:10 -0400
Processing by SiteController#index as HTML
  Rendering layout layouts/application.html.erb
  Rendering site/index.html.erb within layouts/application
  Rendered site/index.html.erb within layouts/application (Duration: 0.1ms | Allocations: 18)
  Rendered layout layouts/application.html.erb (Duration: 5.8ms | Allocations: 1594)
Completed 200 OK in 7ms (Views: 6.4ms | Allocations: 1838)


Started GET "/home" for 127.0.0.1 at 2023-10-24 11:15:18 -0400
Processing by SiteController#index as HTML
  Rendering layout layouts/application.html.erb
  Rendering site/index.html.erb within layouts/application
  Rendered site/index.html.erb within layouts/application (Duration: 0.1ms | Allocations: 18)
  Rendered layout layouts/application.html.erb (Duration: 20.6ms | Allocations: 1671)
Completed 200 OK in 24ms (Views: 23.0ms | Allocations: 1915)


Started GET "/home" for 127.0.0.1 at 2023-10-24 11:20:59 -0400
Processing by SiteController#index as HTML
  Rendering layout layouts/application.html.erb
  Rendering site/index.html.erb within layouts/application
  Rendered site/index.html.erb within layouts/application (Duration: 0.7ms | Allocations: 18)
  Rendered layout layouts/application.html.erb (Duration: 45.8ms | Allocations: 1692)
Completed 200 OK in 52ms (Views: 50.1ms | Allocations: 1936)


Started GET "/home" for 127.0.0.1 at 2023-10-24 11:22:07 -0400
Processing by SiteController#index as HTML
  Rendering layout layouts/application.html.erb
  Rendering site/index.html.erb within layouts/application
  Rendered site/index.html.erb within layouts/application (Duration: 0.5ms | Allocations: 18)
  Rendered layout layouts/application.html.erb (Duration: 330.8ms | Allocations: 31694)
Completed 200 OK in 342ms (Views: 332.3ms | Allocations: 31938)


Started GET "/home" for 127.0.0.1 at 2023-10-24 11:22:16 -0400
Processing by SiteController#index as HTML
  Rendering layout layouts/application.html.erb
  Rendering site/index.html.erb within layouts/application
  Rendered site/index.html.erb within layouts/application (Duration: 0.2ms | Allocations: 18)
  Rendered layout layouts/application.html.erb (Duration: 338.7ms | Allocations: 31709)
Completed 200 OK in 341ms (Views: 340.4ms | Allocations: 31954)


Started GET "/home/" for 127.0.0.1 at 2023-10-24 11:22:56 -0400
Processing by SiteController#index as HTML
  Rendering layout layouts/application.html.erb
  Rendering site/index.html.erb within layouts/application
  Rendered site/index.html.erb within layouts/application (Duration: 0.1ms | Allocations: 18)
  Rendered layout layouts/application.html.erb (Duration: 371.6ms | Allocations: 31773)
Completed 200 OK in 373ms (Views: 372.3ms | Allocations: 32018)


Started GET "/home/" for 127.0.0.1 at 2023-10-24 11:24:52 -0400
Processing by SiteController#index as HTML
  Rendering layout layouts/application.html.erb
  Rendering site/index.html.erb within layouts/application
  Rendered site/index.html.erb within layouts/application (Duration: 0.3ms | Allocations: 18)
  Rendered layout layouts/application.html.erb (Duration: 280.9ms | Allocations: 31686)
Completed 200 OK in 282ms (Views: 281.8ms | Allocations: 31930)


Started GET "/home/" for 127.0.0.1 at 2023-10-24 14:02:10 -0400
Processing by SiteController#index as HTML
  Rendering layout layouts/application.html.erb
  Rendering site/index.html.erb within layouts/application
  Rendered site/index.html.erb within layouts/application (Duration: 0.4ms | Allocations: 18)
  Rendered layout layouts/application.html.erb (Duration: 456.0ms | Allocations: 31704)
Completed 200 OK in 468ms (Views: 462.8ms | Allocations: 31948)


Started GET "/home" for 127.0.0.1 at 2023-10-24 14:02:15 -0400
Processing by SiteController#index as HTML
  Rendering layout layouts/application.html.erb
  Rendering site/index.html.erb within layouts/application
  Rendered site/index.html.erb within layouts/application (Duration: 0.7ms | Allocations: 18)
  Rendered layout layouts/application.html.erb (Duration: 21.6ms | Allocations: 1600)
Completed 200 OK in 32ms (Views: 26.1ms | Allocations: 1847)


Started GET "/home" for 127.0.0.1 at 2023-10-24 14:02:26 -0400
Processing by SiteController#index as HTML
  Rendering layout layouts/application.html.erb
  Rendering site/index.html.erb within layouts/application
  Rendered site/index.html.erb within layouts/application (Duration: 0.1ms | Allocations: 18)
  Rendered layout layouts/application.html.erb (Duration: 400.4ms | Allocations: 31732)
Completed 200 OK in 403ms (Views: 401.8ms | Allocations: 31976)


Started GET "/home" for 127.0.0.1 at 2023-10-24 14:03:22 -0400
Processing by SiteController#index as HTML
  Rendering layout layouts/application.html.erb
  Rendering site/index.html.erb within layouts/application
  Rendered site/index.html.erb within layouts/application (Duration: 0.1ms | Allocations: 18)
  Rendered layout layouts/application.html.erb (Duration: 325.5ms | Allocations: 31710)
Completed 200 OK in 327ms (Views: 326.1ms | Allocations: 31954)


Started GET "/home" for 127.0.0.1 at 2023-10-24 14:03:30 -0400
Processing by SiteController#index as HTML
  Rendering layout layouts/application.html.erb
  Rendering site/index.html.erb within layouts/application
  Rendered site/index.html.erb within layouts/application (Duration: 0.1ms | Allocations: 18)
  Rendered layout layouts/application.html.erb (Duration: 13.3ms | Allocations: 1704)
Completed 200 OK in 15ms (Views: 14.2ms | Allocations: 1948)


Started GET "/home" for 127.0.0.1 at 2023-10-24 14:03:40 -0400
Processing by SiteController#index as HTML
  Rendering layout layouts/application.html.erb
  Rendering site/index.html.erb within layouts/application
  Rendered site/index.html.erb within layouts/application (Duration: 0.1ms | Allocations: 18)
  Rendered layout layouts/application.html.erb (Duration: 271.2ms | Allocations: 31705)
Completed 200 OK in 273ms (Views: 272.0ms | Allocations: 31949)


Started GET "/home" for 127.0.0.1 at 2023-10-24 14:03:54 -0400
Processing by SiteController#index as HTML
  Rendering layout layouts/application.html.erb
  Rendering site/index.html.erb within layouts/application
  Rendered site/index.html.erb within layouts/application (Duration: 0.1ms | Allocations: 18)
  Rendered layout layouts/application.html.erb (Duration: 248.5ms | Allocations: 31710)
Completed 200 OK in 250ms (Views: 249.3ms | Allocations: 31955)


Started GET "/home" for 127.0.0.1 at 2023-10-24 14:04:24 -0400
Processing by SiteController#index as HTML
  Rendering layout layouts/application.html.erb
  Rendering site/index.html.erb within layouts/application
  Rendered site/index.html.erb within layouts/application (Duration: 0.1ms | Allocations: 18)
  Rendered layout layouts/application.html.erb (Duration: 251.2ms | Allocations: 31708)
Completed 200 OK in 252ms (Views: 251.8ms | Allocations: 31952)


Started GET "/home" for 127.0.0.1 at 2023-10-24 14:05:01 -0400
Processing by SiteController#index as HTML
  Rendering layout layouts/application.html.erb
  Rendering site/index.html.erb within layouts/application
  Rendered site/index.html.erb within layouts/application (Duration: 0.1ms | Allocations: 18)
  Rendered layout layouts/application.html.erb (Duration: 262.8ms | Allocations: 31696)
Completed 200 OK in 265ms (Views: 263.8ms | Allocations: 31940)


Started GET "/home" for 127.0.0.1 at 2023-10-24 14:06:16 -0400
Processing by SiteController#index as HTML
  Rendering layout layouts/application.html.erb
  Rendering site/index.html.erb within layouts/application
  Rendered site/index.html.erb within layouts/application (Duration: 0.6ms | Allocations: 18)
  Rendered layout layouts/application.html.erb (Duration: 21.2ms | Allocations: 1588)
Completed 200 OK in 33ms (Views: 30.1ms | Allocations: 1833)


Started GET "/home" for 127.0.0.1 at 2023-10-24 14:06:41 -0400
Processing by SiteController#index as HTML
  Rendering layout layouts/application.html.erb
  Rendering site/index.html.erb within layouts/application
  Rendered site/index.html.erb within layouts/application (Duration: 0.1ms | Allocations: 18)
  Rendered layout layouts/application.html.erb (Duration: 22.4ms | Allocations: 3041)
Completed 200 OK in 24ms (Views: 23.2ms | Allocations: 3285)


Started GET "/home" for 127.0.0.1 at 2023-10-24 14:07:30 -0400
Processing by SiteController#index as HTML
  Rendering layout layouts/application.html.erb
  Rendering site/index.html.erb within layouts/application
  Rendered site/index.html.erb within layouts/application (Duration: 0.3ms | Allocations: 18)
  Rendered layout layouts/application.html.erb (Duration: 310.6ms | Allocations: 33057)
Completed 200 OK in 317ms (Views: 315.0ms | Allocations: 33301)


Started GET "/home" for 127.0.0.1 at 2023-10-24 14:07:47 -0400
Processing by SiteController#index as HTML
  Rendering layout layouts/application.html.erb
  Rendering site/index.html.erb within layouts/application
  Rendered site/index.html.erb within layouts/application (Duration: 0.2ms | Allocations: 18)
  Rendered layout layouts/application.html.erb (Duration: 19.1ms | Allocations: 3014)
Completed 200 OK in 21ms (Views: 20.2ms | Allocations: 3258)


Started GET "/home" for 127.0.0.1 at 2023-10-24 14:08:09 -0400
Processing by SiteController#index as HTML
  Rendering layout layouts/application.html.erb
  Rendering site/index.html.erb within layouts/application
  Rendered site/index.html.erb within layouts/application (Duration: 0.1ms | Allocations: 18)
  Rendered layout layouts/application.html.erb (Duration: 18.8ms | Allocations: 3034)
Completed 200 OK in 21ms (Views: 20.0ms | Allocations: 3278)


Started GET "/home" for 127.0.0.1 at 2023-10-24 14:08:41 -0400
Processing by SiteController#index as HTML
  Rendering layout layouts/application.html.erb
  Rendering site/index.html.erb within layouts/application
  Rendered site/index.html.erb within layouts/application (Duration: 0.2ms | Allocations: 18)
  Rendered layout layouts/application.html.erb (Duration: 20.5ms | Allocations: 3025)
Completed 200 OK in 22ms (Views: 21.7ms | Allocations: 3269)


Started GET "/home" for 127.0.0.1 at 2023-10-24 14:09:16 -0400
Processing by SiteController#index as HTML
  Rendering layout layouts/application.html.erb
  Rendering site/index.html.erb within layouts/application
  Rendered site/index.html.erb within layouts/application (Duration: 0.1ms | Allocations: 18)
  Rendered layout layouts/application.html.erb (Duration: 313.6ms | Allocations: 33062)
Completed 200 OK in 316ms (Views: 314.9ms | Allocations: 33306)


Started GET "/home" for 127.0.0.1 at 2023-10-24 14:09:17 -0400
Processing by SiteController#index as HTML
  Rendering layout layouts/application.html.erb
  Rendering site/index.html.erb within layouts/application
  Rendered site/index.html.erb within layouts/application (Duration: 0.1ms | Allocations: 18)
  Rendered layout layouts/application.html.erb (Duration: 3.3ms | Allocations: 1625)
Completed 200 OK in 4ms (Views: 4.0ms | Allocations: 1869)


Started GET "/home" for 127.0.0.1 at 2023-10-24 14:09:24 -0400
Processing by SiteController#index as HTML
  Rendering layout layouts/application.html.erb
  Rendering site/index.html.erb within layouts/application
  Rendered site/index.html.erb within layouts/application (Duration: 0.3ms | Allocations: 18)
  Rendered layout layouts/application.html.erb (Duration: 28.0ms | Allocations: 3029)
Completed 200 OK in 31ms (Views: 29.8ms | Allocations: 3273)


Started GET "/home" for 127.0.0.1 at 2023-10-24 14:09:37 -0400
Processing by SiteController#index as HTML
  Rendering layout layouts/application.html.erb
  Rendering site/index.html.erb within layouts/application
  Rendered site/index.html.erb within layouts/application (Duration: 0.1ms | Allocations: 18)
  Rendered layout layouts/application.html.erb (Duration: 17.6ms | Allocations: 3017)
Completed 200 OK in 19ms (Views: 18.5ms | Allocations: 3261)


Started GET "/home" for 127.0.0.1 at 2023-10-24 14:09:43 -0400
Processing by SiteController#index as HTML
  Rendering layout layouts/application.html.erb
  Rendering site/index.html.erb within layouts/application
  Rendered site/index.html.erb within layouts/application (Duration: 0.1ms | Allocations: 18)
  Rendered layout layouts/application.html.erb (Duration: 30.5ms | Allocations: 3011)
Completed 200 OK in 32ms (Views: 31.5ms | Allocations: 3255)


Started GET "/home" for 127.0.0.1 at 2023-10-24 14:09:55 -0400
Processing by SiteController#index as HTML
  Rendering layout layouts/application.html.erb
  Rendering site/index.html.erb within layouts/application
  Rendered site/index.html.erb within layouts/application (Duration: 0.1ms | Allocations: 18)
  Rendered layout layouts/application.html.erb (Duration: 18.2ms | Allocations: 3033)
Completed 200 OK in 20ms (Views: 19.0ms | Allocations: 3277)


Started GET "/home" for 127.0.0.1 at 2023-10-24 14:09:57 -0400
Processing by SiteController#index as HTML
  Rendering layout layouts/application.html.erb
  Rendering site/index.html.erb within layouts/application
  Rendered site/index.html.erb within layouts/application (Duration: 0.2ms | Allocations: 18)
  Rendered layout layouts/application.html.erb (Duration: 4.3ms | Allocations: 1607)
Completed 200 OK in 8ms (Views: 6.9ms | Allocations: 1854)


Started GET "/home" for 127.0.0.1 at 2023-10-24 14:10:18 -0400
  [1m[35m (0.8ms)[0m  [1m[34mSELECT sqlite_version(*)[0m
  [1m[36mActiveRecord::SchemaMigration Pluck (0.2ms)[0m  [1m[34mSELECT "schema_migrations"."version" FROM "schema_migrations" ORDER BY "schema_migrations"."version" ASC[0m
Processing by SiteController#index as HTML
  Rendering layout layouts/application.html.erb
  Rendering site/index.html.erb within layouts/application
  Rendered site/index.html.erb within layouts/application (Duration: 1.2ms | Allocations: 456)
  Rendered layout layouts/application.html.erb (Duration: 67.4ms | Allocations: 25278)
Completed 200 OK in 77ms (Views: 70.9ms | ActiveRecord: 0.0ms | Allocations: 31229)


